e:\1.dev\emr\emrclient\debug\vc120.pdb
e:\1.dev\emr\emrclient\debug\vc120.idb
e:\1.dev\emr\emrclient\debug\pharmacywithdrawalapplication.obj
e:\1.dev\emr\emrclient\debug\attributeclick.obj
e:\1.dev\emr\emrclient\debug\cellpropertydlg.obj
e:\1.dev\emr\emrclient\debug\cellsplitdlg.obj
e:\1.dev\emr\emrclient\debug\createtabledlg.obj
e:\1.dev\emr\emrclient\debug\formuladlg.obj
e:\1.dev\emr\emrclient\debug\inputpromptdlg.obj
e:\1.dev\emr\emrclient\debug\keyworddlg.obj
e:\1.dev\emr\emrclient\debug\macropropertypopup.obj
e:\1.dev\emr\emrclient\debug\pagesettingdlg.obj
e:\1.dev\emr\emrclient\debug\paragraphsettingpopup.obj
e:\1.dev\emr\emrclient\debug\rightclickmenu.obj
e:\1.dev\emr\emrclient\debug\selectionpopup.obj
e:\1.dev\emr\emrclient\debug\selectionpropertydlg.obj
e:\1.dev\emr\emrclient\debug\specialsymbol.obj
e:\1.dev\emr\emrclient\debug\structuringdlg.obj
e:\1.dev\emr\emrclient\debug\structuringpopup.obj
e:\1.dev\emr\emrclient\debug\tablepropertydlg.obj
e:\1.dev\emr\emrclient\debug\selectmubandlg.obj
e:\1.dev\emr\emrclient\debug\simpleelementsettingwidget.obj
e:\1.dev\emr\emrclient\debug\constcollection.obj
e:\1.dev\emr\emrclient\debug\hisconstcollection.obj
e:\1.dev\emr\emrclient\debug\json_parser.obj
e:\1.dev\emr\emrclient\debug\json_scanner.obj
e:\1.dev\emr\emrclient\debug\parser.obj
e:\1.dev\emr\emrclient\debug\parserrunnable.obj
e:\1.dev\emr\emrclient\debug\qobjecthelper.obj
e:\1.dev\emr\emrclient\debug\serializer.obj
e:\1.dev\emr\emrclient\debug\serializerrunnable.obj
e:\1.dev\emr\emrclient\debug\uimsgmedicalrecord.obj
e:\1.dev\emr\emrclient\debug\addmubandlg.obj
e:\1.dev\emr\emrclient\debug\continueprintdlg.obj
e:\1.dev\emr\emrclient\debug\flowlayout.obj
e:\1.dev\emr\emrclient\debug\globalvariable.obj
e:\1.dev\emr\emrclient\debug\mainviewcontainer.obj
e:\1.dev\emr\emrclient\debug\mubaneditdlg.obj
e:\1.dev\emr\emrclient\debug\mubaneditmanagement.obj
e:\1.dev\emr\emrclient\debug\mubanpropertymodifydlg.obj
e:\1.dev\emr\emrclient\debug\navigationview.obj
e:\1.dev\emr\emrclient\debug\pharmacyapp.obj
e:\1.dev\emr\emrclient\debug\moc_treeitemmimedata.obj
e:\1.dev\emr\emrclient\debug\moc_treewidget.obj
e:\1.dev\emr\emrclient\debug\moc_uiinputmanager.obj
e:\1.dev\emr\emrclient\debug\moc_writermanager.obj
e:\1.dev\emr\emrclient\debug\imagemouseinput.obj
e:\1.dev\emr\emrclient\debug\imagescaleaction.obj
e:\1.dev\emr\emrclient\debug\darwhorizontalline.obj
e:\1.dev\emr\emrclient\debug\inspection.obj
e:\1.dev\emr\emrclient\debug\main.obj
e:\1.dev\emr\emrclient\debug\myappentrance.obj
e:\1.dev\emr\emrclient\debug\templeteviewobjkeymanager.obj
e:\1.dev\emr\emrclient\debug\scrollplacelayout.obj
e:\1.dev\emr\emrclient\debug\textitem.obj
e:\1.dev\emr\emrclient\debug\pixmapitem.obj
e:\1.dev\emr\emrclient\debug\middlebuttonviewparam.obj
e:\1.dev\emr\emrclient\debug\renamepopup.obj
e:\1.dev\emr\emrclient\debug\roundrectitem.obj
e:\1.dev\emr\emrclient\debug\toolbarclass.obj
e:\1.dev\emr\emrclient\debug\commonnetworkingrunnable.obj
e:\1.dev\emr\emrclient\debug\moc_myappentrance.obj
e:\1.dev\emr\emrclient\debug\moc_pagesettingdlg.obj
e:\1.dev\emr\emrclient\debug\moc_paragraphsettingpopup.obj
e:\1.dev\emr\emrclient\debug\moc_pictureeditwindow.obj
e:\1.dev\emr\emrclient\debug\moc_parserrunnable.obj
e:\1.dev\emr\emrclient\debug\moc_pharmacyapp.obj
e:\1.dev\emr\emrclient\debug\moc_pharmacywithdrawalapplication.obj
e:\1.dev\emr\emrclient\debug\moc_renamepopup.obj
e:\1.dev\emr\emrclient\debug\moc_rightclickmenu.obj
e:\1.dev\emr\emrclient\debug\moc_selectionpopup.obj
e:\1.dev\emr\emrclient\debug\moc_selectionpropertydlg.obj
e:\1.dev\emr\emrclient\debug\moc_selectmubandlg.obj
e:\1.dev\emr\emrclient\debug\moc_serializerrunnable.obj
e:\1.dev\emr\emrclient\debug\moc_simpleelementsettingwidget.obj
e:\1.dev\emr\emrclient\debug\moc_specialsymbol.obj
e:\1.dev\emr\emrclient\debug\moc_structuringdlg.obj
e:\1.dev\emr\emrclient\debug\moc_structuringpopup.obj
e:\1.dev\emr\emrclient\debug\moc_tablepropertydlg.obj
e:\1.dev\emr\emrclient\debug\moc_tabwidgetcollection.obj
e:\1.dev\emr\emrclient\debug\moc_toolbarclass.obj
e:\1.dev\emr\emrclient\debug\moc_continueprintdlg.obj
e:\1.dev\emr\emrclient\debug\moc_createtabledlg.obj
e:\1.dev\emr\emrclient\debug\moc_customcomboboxdelegate.obj
e:\1.dev\emr\emrclient\debug\moc_customlineeditnumbersdelegate.obj
e:\1.dev\emr\emrclient\debug\moc_custompushbutton.obj
e:\1.dev\emr\emrclient\debug\moc_customspinboxdelegate.obj
e:\1.dev\emr\emrclient\debug\moc_customtableview.obj
e:\1.dev\emr\emrclient\debug\moc_dbmanager.obj
e:\1.dev\emr\emrclient\debug\moc_emrclient.obj
e:\1.dev\emr\emrclient\debug\moc_formuladlg.obj
e:\1.dev\emr\emrclient\debug\moc_htmldocument.obj
e:\1.dev\emr\emrclient\debug\moc_inputpromptdlg.obj
e:\1.dev\emr\emrclient\debug\moc_inspection.obj
e:\1.dev\emr\emrclient\debug\moc_keyworddlg.obj
e:\1.dev\emr\emrclient\debug\moc_macropropertypopup.obj
e:\1.dev\emr\emrclient\debug\moc_mainviewcontainer.obj
e:\1.dev\emr\emrclient\debug\moc_messagebox.obj
e:\1.dev\emr\emrclient\debug\moc_mubaneditdlg.obj
e:\1.dev\emr\emrclient\debug\moc_mubaneditmanagement.obj
e:\1.dev\emr\emrclient\debug\moc_mubanpropertymodifydlg.obj
e:\1.dev\emr\emrclient\debug\templetetypeenumeration.obj
e:\1.dev\emr\emrclient\debug\templeteviewobj.obj
e:\1.dev\emr\emrclient\debug\templeteviewobjmousemanager.obj
e:\1.dev\emr\emrclient\debug\inputfilter.obj
e:\1.dev\emr\emrclient\debug\nocopytextwidget.obj
e:\1.dev\emr\emrclient\debug\numberinputfilter.obj
e:\1.dev\emr\emrclient\debug\textwidget.obj
e:\1.dev\emr\emrclient\debug\textwidgetkeyboard.obj
e:\1.dev\emr\emrclient\debug\textwidgetmouse.obj
e:\1.dev\emr\emrclient\debug\textwidgetparam.obj
e:\1.dev\emr\emrclient\debug\uiinputmanager.obj
e:\1.dev\emr\emrclient\debug\writerinputmanager.obj
e:\1.dev\emr\emrclient\debug\writermanager.obj
e:\1.dev\emr\emrclient\debug\excelverticallayoutaction.obj
e:\1.dev\emr\emrclient\debug\moc_addmubandlg.obj
e:\1.dev\emr\emrclient\debug\moc_attributedialog.obj
e:\1.dev\emr\emrclient\debug\moc_ccinputcombobox.obj
e:\1.dev\emr\emrclient\debug\moc_cellpropertydlg.obj
e:\1.dev\emr\emrclient\debug\moc_cellsplitdlg.obj
e:\1.dev\emr\emrclient\debug\moc_commonnetworkingrunnable.obj
e:\1.dev\emr\emrclient\debug\excelbaselayout.obj
e:\1.dev\emr\emrclient\debug\excelcelldata.obj
e:\1.dev\emr\emrclient\debug\excelcelldatarow.obj
e:\1.dev\emr\emrclient\debug\excelcellpagemouse.obj
e:\1.dev\emr\emrclient\debug\excelkeyboard.obj
e:\1.dev\emr\emrclient\debug\excellayout.obj
e:\1.dev\emr\emrclient\debug\excellayoutviewparam.obj
e:\1.dev\emr\emrclient\debug\excelmouseinputmanager.obj
e:\1.dev\emr\emrclient\debug\exceltemplete.obj
e:\1.dev\emr\emrclient\debug\exceltempleteparamdata.obj
e:\1.dev\emr\emrclient\debug\line.obj
e:\1.dev\emr\emrclient\debug\measurewh.obj
e:\1.dev\emr\emrclient\debug\selectview.obj
e:\1.dev\emr\emrclient\debug\menstruationdataparam.obj
e:\1.dev\emr\emrclient\debug\menstruationtemplete.obj
e:\1.dev\emr\emrclient\debug\templeterowparam.obj
e:\1.dev\emr\emrclient\debug\macrotemplete.obj
e:\1.dev\emr\emrclient\debug\macrotempleteparam.obj
e:\1.dev\emr\emrclient\debug\structurationtextparam.obj
e:\1.dev\emr\emrclient\debug\structurationtextwidget.obj
e:\1.dev\emr\emrclient\debug\verticallayout.obj
e:\1.dev\emr\emrclient\debug\relativelayout.obj
e:\1.dev\emr\emrclient\debug\crossparentmgr.obj
e:\1.dev\emr\emrclient\debug\objkeymanager.obj
e:\1.dev\emr\emrclient\debug\logicmanager.obj
e:\1.dev\emr\emrclient\debug\objmousemanager.obj
e:\1.dev\emr\emrclient\debug\objdrawmanager.obj
e:\1.dev\emr\emrclient\debug\txtwindrawmanager.obj
e:\1.dev\emr\emrclient\debug\viewobj.obj
e:\1.dev\emr\emrclient\debug\htmloutputmanger.obj
e:\1.dev\emr\emrclient\debug\basemath.obj
e:\1.dev\emr\emrclient\debug\basesystem.obj
e:\1.dev\emr\emrclient\debug\basetools.obj
e:\1.dev\emr\emrclient\debug\baseiotools.obj
e:\1.dev\emr\emrclient\debug\basetempletekeyboard.obj
e:\1.dev\emr\emrclient\debug\basetempletemouse.obj
e:\1.dev\emr\emrclient\debug\bracketwidget.obj
e:\1.dev\emr\emrclient\debug\bracketwidgetkeyboard.obj
e:\1.dev\emr\emrclient\debug\choicewidgettemplete.obj
e:\1.dev\emr\emrclient\debug\choicewidgettempleteparam.obj
e:\1.dev\emr\emrclient\debug\codetempdata.obj
e:\1.dev\emr\emrclient\debug\tempparagraphmgrdata.obj
e:\1.dev\emr\emrclient\debug\imgcontentdata.obj
e:\1.dev\emr\emrclient\debug\baseviewparam.obj
e:\1.dev\emr\emrclient\debug\txtwindata.obj
e:\1.dev\emr\emrclient\debug\baselogic.obj
e:\1.dev\emr\emrclient\debug\basechildrenmanager.obj
e:\1.dev\emr\emrclient\debug\relativechildrenparam.obj
e:\1.dev\emr\emrclient\debug\imgviewparam.obj
e:\1.dev\emr\emrclient\debug\layoutviewparam.obj
e:\1.dev\emr\emrclient\debug\rowviewparam.obj
e:\1.dev\emr\emrclient\debug\txtviewparam.obj
e:\1.dev\emr\emrclient\debug\verticalviewparam.obj
e:\1.dev\emr\emrclient\debug\basedraw.obj
e:\1.dev\emr\emrclient\debug\drawrect.obj
e:\1.dev\emr\emrclient\debug\txtwindowmouse.obj
e:\1.dev\emr\emrclient\debug\baselayout.obj
e:\1.dev\emr\emrclient\debug\basetxtlayerlayout.obj
e:\1.dev\emr\emrclient\debug\pagecontenttxtlayerlayout.obj
e:\1.dev\emr\emrclient\debug\rowlayout.obj
e:\1.dev\emr\emrclient\debug\flagviewparam.obj
e:\1.dev\emr\emrclient\debug\drawbutton.obj
e:\1.dev\emr\emrclient\debug\drawimage.obj
e:\1.dev\emr\emrclient\debug\drawline.obj
e:\1.dev\emr\emrclient\debug\drawstr.obj
e:\1.dev\emr\emrclient\debug\basekey.obj
e:\1.dev\emr\emrclient\debug\basemouse.obj
e:\1.dev\emr\emrclient\debug\emrclient.obj
e:\1.dev\emr\emrclient\debug\baseconstants.obj
e:\1.dev\emr\emrclient\debug\uiconstants.obj
e:\1.dev\emr\emrclient\debug\basepointdata.obj
e:\1.dev\emr\emrclient\debug\baseuimsgdata.obj
e:\1.dev\emr\emrclient\debug\globalimgdata.obj
e:\1.dev\emr\emrclient\debug\mousepressparams.obj
e:\1.dev\emr\emrclient\debug\uimsgresizewindow.obj
e:\1.dev\emr\emrclient\debug\templetefactory.obj
e:\1.dev\emr\emrclient\debug\viewfactory.obj
e:\1.dev\emr\emrclient\debug\basecontainerparam.obj
e:\1.dev\emr\emrclient\debug\baseelement.obj
e:\1.dev\emr\emrclient\debug\basecontentdata.obj
e:\1.dev\emr\emrclient\debug\excelcrossparentmgr.obj
e:\1.dev\emr\emrclient\debug\txtwinlogicmanager.obj
e:\1.dev\emr\emrclient\debug\htmldocument.obj
e:\1.dev\emr\emrclient\debug\addobjlistaction.obj
e:\1.dev\emr\emrclient\debug\baseaction.obj
e:\1.dev\emr\emrclient\debug\htmlbaseobj.obj
e:\1.dev\emr\emrclient\debug\actionmgr.obj
e:\1.dev\emr\emrclient\debug\stepactionmanger.obj
e:\1.dev\emr\emrclient\debug\basescaleparam.obj
e:\1.dev\emr\emrclient\debug\constantsnumber.obj
e:\1.dev\emr\emrclient\debug\strconstants.obj
e:\1.dev\emr\emrclient\debug\layoutreplacedata.obj
e:\1.dev\emr\emrclient\debug\layoutreplacemanager.obj
e:\1.dev\emr\emrclient\debug\inputfactory.obj
e:\1.dev\emr\emrclient\debug\baseparagraph.obj
e:\1.dev\emr\emrclient\debug\tempcontainermgr.obj
e:\1.dev\emr\emrclient\debug\paragraphdata.obj
e:\1.dev\emr\emrclient\debug\flagparam.obj
e:\1.dev\emr\emrclient\debug\paragraphmanager.obj
e:\1.dev\emr\emrclient\debug\strcontentdata.obj
e:\1.dev\emr\emrclient\debug\basedictdatamodel.obj
e:\1.dev\emr\emrclient\debug\databasecontrol.obj
e:\1.dev\emr\emrclient\debug\requestjsondatamodel.obj
e:\1.dev\emr\emrclient\debug\cursor.obj
e:\1.dev\emr\emrclient\debug\systemparams.obj
e:\1.dev\emr\emrclient\debug\uimsgsetsysboolparams.obj
e:\1.dev\emr\emrclient\debug\uimsgsettxtboolparams.obj
e:\1.dev\emr\emrclient\debug\uimsgsettxtintparams.obj
e:\1.dev\emr\emrclient\debug\uimsgsettxtmultipleintparams.obj
e:\1.dev\emr\emrclient\debug\uimsgsettxtstrparams.obj
e:\1.dev\emr\emrclient\debug\actionfactory.obj
e:\1.dev\emr\emrclient\debug\drawfactory.obj
e:\1.dev\emr\emrclient\debug\delobjlistaction.obj
e:\1.dev\emr\emrclient\debug\setsysboolparamaction.obj
e:\1.dev\emr\emrclient\debug\settxtmultiplenumparamaction.obj
e:\1.dev\emr\emrclient\debug\settxtnumparamaction.obj
e:\1.dev\emr\emrclient\debug\settxtstrparamaction.obj
e:\1.dev\emr\emrclient\debug\drawrowbottom.obj
e:\1.dev\emr\emrclient\debug\drawrowtop.obj
e:\1.dev\emr\emrclient\debug\buttoninput.obj
e:\1.dev\emr\emrclient\debug\codeparams.obj
e:\1.dev\emr\emrclient\debug\nodeparams.obj
e:\1.dev\emr\emrclient\debug\paragraphcodeparams.obj
e:\1.dev\emr\emrclient\debug\flagflashlogic.obj
e:\1.dev\emr\emrclient\debug\judgepagepanelscrolllogic.obj
e:\1.dev\emr\emrclient\debug\basetemplate.obj
e:\1.dev\emr\emrclient\debug\nodechildrenmgr.obj
e:\1.dev\emr\emrclient\debug\nodemgr.obj
e:\1.dev\emr\emrclient\debug\baseeditparam.obj
e:\1.dev\emr\emrclient\debug\tabwidgetcollection.obj
e:\1.dev\emr\emrclient\debug\ccinputcombobox.obj
e:\1.dev\emr\emrclient\debug\customcomboboxdelegate.obj
e:\1.dev\emr\emrclient\debug\customlineeditnumbersdelegate.obj
e:\1.dev\emr\emrclient\debug\custompushbutton.obj
e:\1.dev\emr\emrclient\debug\customspinboxdelegate.obj
e:\1.dev\emr\emrclient\debug\customtableview.obj
e:\1.dev\emr\emrclient\debug\treeitemmimedata.obj
e:\1.dev\emr\emrclient\debug\treewidget.obj
e:\1.dev\emr\emrclient\debug\test.obj
e:\1.dev\emr\emrclient\debug\dbmanager.obj
e:\1.dev\emr\emrclient\debug\excelcellchangelineaction.obj
e:\1.dev\emr\emrclient\debug\excelrelayoutaction.obj
e:\1.dev\emr\emrclient\debug\linemoveaction.obj
e:\1.dev\emr\emrclient\debug\newordeletecelldataaction.obj
e:\1.dev\emr\emrclient\debug\newordeletelineaction.obj
e:\1.dev\emr\emrclient\debug\setchoicewidgetaction.obj
e:\1.dev\emr\emrclient\debug\setexcelcellpropertyaction.obj
e:\1.dev\emr\emrclient\debug\setexcelpropertyaction.obj
e:\1.dev\emr\emrclient\debug\setfocusaction.obj
e:\1.dev\emr\emrclient\debug\setmacrowidgetaction.obj
e:\1.dev\emr\emrclient\debug\setmenstruationwidgetaction.obj
e:\1.dev\emr\emrclient\debug\setpagepropertyaction.obj
e:\1.dev\emr\emrclient\debug\setparagraphfloatparamaction.obj
e:\1.dev\emr\emrclient\debug\setparagraphindentparamaction.obj
e:\1.dev\emr\emrclient\debug\setparagraphintparamaction.obj
e:\1.dev\emr\emrclient\debug\setparagraphotherparamaction.obj
e:\1.dev\emr\emrclient\debug\setsysintparamaction.obj
e:\1.dev\emr\emrclient\debug\settxtwidgetelementaction.obj
e:\1.dev\emr\emrclient\debug\setwidgetelementpropertyaction.obj
e:\1.dev\emr\emrclient\debug\basecontainer.obj
e:\1.dev\emr\emrclient\debug\patientinfo.obj
e:\1.dev\emr\emrclient\debug\setautorityinput.obj
e:\1.dev\emr\emrclient\debug\shortcutkeyinputparam.obj
e:\1.dev\emr\emrclient\debug\uimsgfindandreplaceparams.obj
e:\1.dev\emr\emrclient\debug\uimsgsetpageparams.obj
e:\1.dev\emr\emrclient\debug\uimsgsetparagraphfloatparams.obj
e:\1.dev\emr\emrclient\debug\uimsgsetparagraphindentparams.obj
e:\1.dev\emr\emrclient\debug\uimsgsetparagraphintparams.obj
e:\1.dev\emr\emrclient\debug\arrowitem.obj
e:\1.dev\emr\emrclient\debug\circularitem.obj
e:\1.dev\emr\emrclient\debug\freelineitem.obj
e:\1.dev\emr\emrclient\debug\lineitem.obj
e:\1.dev\emr\emrclient\debug\uimsgsetsysintparams.obj
e:\1.dev\emr\emrclient\debug\uimsgsetsyssignalparams.obj
e:\1.dev\emr\emrclient\debug\uimsgsetsysstrparams.obj
e:\1.dev\emr\emrclient\debug\userinfo.obj
e:\1.dev\emr\emrclient\debug\operatemgr.obj
e:\1.dev\emr\emrclient\debug\contentdatafactory.obj
e:\1.dev\emr\emrclient\debug\logicfactory.obj
e:\1.dev\emr\emrclient\debug\addtempletwidgetaction.obj
e:\1.dev\emr\emrclient\debug\crashstack.obj
e:\1.dev\emr\emrclient\debug\attributedialog.obj
e:\1.dev\emr\emrclient\debug\pictureeditwindow.obj
e:\1.dev\emr\emrclient\debug\mygraphicsscene.obj
e:\1.dev\emr\emrclient\debug\ellipseitem.obj
e:\1.dev\emr\emrclient\debug\filedata.obj
e:\1.dev\emr\emrclient\debug\qrc_emrclient.obj
e:\1.dev\emr\emrclient\debug\qrc_windowpicture.obj
e:\1.dev\emr\emrclient\debug\unfoldchoicebutton.obj
e:\1.dev\emr\emrclient\debug\unfoldchoicewidgettemplete.obj
e:\1.dev\emr\emrclient\debug\autosavemgr.obj
e:\1.dev\emr\emrclient\debug\choiceitemtextwidget.obj
e:\1.dev\emr\emrclient\debug\setunfoldchoicewidgetaction.obj
e:\1.dev\emr\emrclient\debug\unfoldchoicewidgettempleteparam.obj
e:\1.dev\emr\emrclient\debug\moc_emrversion.obj
e:\1.dev\emr\emrclient\debug\emrversion.obj
e:\1.dev\emr\emrclient\generatedfiles\ui_emrclient.h
e:\1.dev\emr\emrclient\generatedfiles\qrc_emrclient.cpp
e:\1.dev\emr\emrclient\generatedfiles\ui_inspection.h
e:\1.dev\emr\emrclient\generatedfiles\ui_renamepopup.h
e:\1.dev\emr\emrclient\generatedfiles\qrc_windowpicture.cpp
e:\1.dev\emr\emrclient\generatedfiles\ui_attributedialog.h
e:\1.dev\emr\emrclient\generatedfiles\debug\moc_emrclient.cpp
e:\1.dev\emr\emrclient\generatedfiles\debug\moc_ccinputcombobox.cpp
e:\1.dev\emr\emrclient\generatedfiles\debug\moc_customcomboboxdelegate.cpp
e:\1.dev\emr\emrclient\generatedfiles\debug\moc_customlineeditnumbersdelegate.cpp
e:\1.dev\emr\emrclient\generatedfiles\debug\moc_custompushbutton.cpp
e:\1.dev\emr\emrclient\generatedfiles\debug\moc_customspinboxdelegate.cpp
e:\1.dev\emr\emrclient\generatedfiles\debug\moc_customtableview.cpp
e:\1.dev\emr\emrclient\generatedfiles\debug\moc_attributedialog.cpp
e:\1.dev\emr\emrclient\generatedfiles\debug\moc_treeitemmimedata.cpp
e:\1.dev\emr\emrclient\generatedfiles\debug\moc_treewidget.cpp
e:\1.dev\emr\emrclient\generatedfiles\debug\moc_dbmanager.cpp
e:\1.dev\emr\emrclient\generatedfiles\debug\moc_htmldocument.cpp
e:\1.dev\emr\emrclient\generatedfiles\debug\moc_inspection.cpp
e:\1.dev\emr\emrclient\generatedfiles\debug\moc_pictureeditwindow.cpp
e:\1.dev\emr\emrclient\generatedfiles\debug\moc_renamepopup.cpp
e:\1.dev\emr\emrclient\generatedfiles\debug\moc_messagebox.cpp
e:\1.dev\emr\emrclient\generatedfiles\debug\moc_toolbarclass.cpp
e:\1.dev\emr\emrclient\generatedfiles\debug\moc_simpleelementsettingwidget.cpp
e:\1.dev\emr\emrclient\generatedfiles\debug\moc_selectmubandlg.cpp
e:\1.dev\emr\emrclient\generatedfiles\debug\moc_addmubandlg.cpp
e:\1.dev\emr\emrclient\generatedfiles\debug\moc_continueprintdlg.cpp
e:\1.dev\emr\emrclient\generatedfiles\debug\moc_mubaneditdlg.cpp
e:\1.dev\emr\emrclient\generatedfiles\debug\moc_mubaneditmanagement.cpp
e:\1.dev\emr\emrclient\generatedfiles\debug\moc_mubanpropertymodifydlg.cpp
e:\1.dev\emr\emrclient\generatedfiles\debug\moc_pharmacyapp.cpp
e:\1.dev\emr\emrclient\generatedfiles\debug\moc_tablepropertydlg.cpp
e:\1.dev\emr\emrclient\generatedfiles\debug\moc_structuringpopup.cpp
e:\1.dev\emr\emrclient\generatedfiles\debug\moc_structuringdlg.cpp
e:\1.dev\emr\emrclient\generatedfiles\debug\moc_specialsymbol.cpp
e:\1.dev\emr\emrclient\generatedfiles\debug\moc_selectionpropertydlg.cpp
e:\1.dev\emr\emrclient\generatedfiles\debug\moc_selectionpopup.cpp
e:\1.dev\emr\emrclient\generatedfiles\debug\moc_paragraphsettingpopup.cpp
e:\1.dev\emr\emrclient\generatedfiles\debug\moc_macropropertypopup.cpp
e:\1.dev\emr\emrclient\generatedfiles\debug\moc_keyworddlg.cpp
e:\1.dev\emr\emrclient\generatedfiles\debug\moc_inputpromptdlg.cpp
e:\1.dev\emr\emrclient\generatedfiles\debug\moc_formuladlg.cpp
e:\1.dev\emr\emrclient\generatedfiles\debug\moc_cellsplitdlg.cpp
e:\1.dev\emr\emrclient\generatedfiles\debug\moc_cellpropertydlg.cpp
e:\1.dev\emr\emrclient\generatedfiles\debug\moc_pharmacywithdrawalapplication.cpp
e:\1.dev\emr\emrclient\generatedfiles\debug\moc_serializerrunnable.cpp
e:\1.dev\emr\emrclient\generatedfiles\debug\moc_parserrunnable.cpp
e:\1.dev\emr\emrclient\generatedfiles\debug\moc_commonnetworkingrunnable.cpp
e:\1.dev\emr\emrclient\generatedfiles\debug\moc_createtabledlg.cpp
e:\1.dev\emr\emrclient\generatedfiles\debug\moc_myappentrance.cpp
e:\1.dev\emr\emrclient\generatedfiles\debug\moc_tabwidgetcollection.cpp
e:\1.dev\emr\emrclient\generatedfiles\debug\moc_writermanager.cpp
e:\1.dev\emr\emrclient\generatedfiles\debug\moc_uiinputmanager.cpp
e:\1.dev\emr\emrclient\generatedfiles\debug\moc_rightclickmenu.cpp
e:\1.dev\emr\emrclient\generatedfiles\debug\moc_pagesettingdlg.cpp
e:\1.dev\emr\emrclient\generatedfiles\debug\moc_mainviewcontainer.cpp
e:\1.dev\emr\emrclient\generatedfiles\ui_emrversion.h
e:\1.dev\emr\emrclient\generatedfiles\debug\moc_emrversion.cpp
e:\1.dev\emr\win32\debug\emrclient.ilk
e:\1.dev\emr\win32\debug\emrclient.exe
e:\1.dev\emr\win32\debug\emrclient.map
e:\1.dev\emr\win32\debug\emrclient.pdb
e:\1.dev\emr\emrclient\debug\emrclient.tlog\cl.command.1.tlog
e:\1.dev\emr\emrclient\debug\emrclient.tlog\cl.read.1.tlog
e:\1.dev\emr\emrclient\debug\emrclient.tlog\cl.write.1.tlog
e:\1.dev\emr\emrclient\debug\emrclient.tlog\custombuild.command.1.tlog
e:\1.dev\emr\emrclient\debug\emrclient.tlog\custombuild.read.1.tlog
e:\1.dev\emr\emrclient\debug\emrclient.tlog\custombuild.write.1.tlog
e:\1.dev\emr\emrclient\debug\emrclient.tlog\link.command.1.tlog
e:\1.dev\emr\emrclient\debug\emrclient.tlog\link.read.1.tlog
e:\1.dev\emr\emrclient\debug\emrclient.tlog\link.write.1.tlog
