e:\1.dev\emr\emrclient\release\vc120.pdb
e:\1.dev\emr\emrclient\release\vc120.idb
e:\1.dev\emr\emrclient\release\pharmacywithdrawalapplication.obj
e:\1.dev\emr\emrclient\release\attributeclick.obj
e:\1.dev\emr\emrclient\release\cellpropertydlg.obj
e:\1.dev\emr\emrclient\release\cellsplitdlg.obj
e:\1.dev\emr\emrclient\release\createtabledlg.obj
e:\1.dev\emr\emrclient\release\formuladlg.obj
e:\1.dev\emr\emrclient\release\inputpromptdlg.obj
e:\1.dev\emr\emrclient\release\keyworddlg.obj
e:\1.dev\emr\emrclient\release\macropropertypopup.obj
e:\1.dev\emr\emrclient\release\pagesettingdlg.obj
e:\1.dev\emr\emrclient\release\paragraphsettingpopup.obj
e:\1.dev\emr\emrclient\release\rightclickmenu.obj
e:\1.dev\emr\emrclient\release\selectionpopup.obj
e:\1.dev\emr\emrclient\release\selectionpropertydlg.obj
e:\1.dev\emr\emrclient\release\specialsymbol.obj
e:\1.dev\emr\emrclient\release\structuringdlg.obj
e:\1.dev\emr\emrclient\release\structuringpopup.obj
e:\1.dev\emr\emrclient\release\tablepropertydlg.obj
e:\1.dev\emr\emrclient\release\selectmubandlg.obj
e:\1.dev\emr\emrclient\release\simpleelementsettingwidget.obj
e:\1.dev\emr\emrclient\release\constcollection.obj
e:\1.dev\emr\emrclient\release\hisconstcollection.obj
e:\1.dev\emr\emrclient\release\json_parser.obj
e:\1.dev\emr\emrclient\release\json_scanner.obj
e:\1.dev\emr\emrclient\release\parser.obj
e:\1.dev\emr\emrclient\release\parserrunnable.obj
e:\1.dev\emr\emrclient\release\qobjecthelper.obj
e:\1.dev\emr\emrclient\release\serializer.obj
e:\1.dev\emr\emrclient\release\serializerrunnable.obj
e:\1.dev\emr\emrclient\release\uimsgmedicalrecord.obj
e:\1.dev\emr\emrclient\release\addmubandlg.obj
e:\1.dev\emr\emrclient\release\continueprintdlg.obj
e:\1.dev\emr\emrclient\release\flowlayout.obj
e:\1.dev\emr\emrclient\release\globalvariable.obj
e:\1.dev\emr\emrclient\release\mainviewcontainer.obj
e:\1.dev\emr\emrclient\release\mubaneditdlg.obj
e:\1.dev\emr\emrclient\release\mubaneditmanagement.obj
e:\1.dev\emr\emrclient\release\mubanpropertymodifydlg.obj
e:\1.dev\emr\emrclient\release\navigationview.obj
e:\1.dev\emr\emrclient\release\pharmacyapp.obj
e:\1.dev\emr\emrclient\release\moc_toolbarclass.obj
e:\1.dev\emr\emrclient\release\moc_treeitemmimedata.obj
e:\1.dev\emr\emrclient\release\moc_treewidget.obj
e:\1.dev\emr\emrclient\release\imagescaleaction.obj
e:\1.dev\emr\emrclient\release\moc_uiinputmanager.obj
e:\1.dev\emr\emrclient\release\moc_writermanager.obj
e:\1.dev\emr\emrclient\release\darwhorizontalline.obj
e:\1.dev\emr\emrclient\release\inspection.obj
e:\1.dev\emr\emrclient\release\main.obj
e:\1.dev\emr\emrclient\release\myappentrance.obj
e:\1.dev\emr\emrclient\release\templeteviewobjkeymanager.obj
e:\1.dev\emr\emrclient\release\scrollplacelayout.obj
e:\1.dev\emr\emrclient\release\textitem.obj
e:\1.dev\emr\emrclient\release\pixmapitem.obj
e:\1.dev\emr\emrclient\release\middlebuttonviewparam.obj
e:\1.dev\emr\emrclient\release\renamepopup.obj
e:\1.dev\emr\emrclient\release\roundrectitem.obj
e:\1.dev\emr\emrclient\release\toolbarclass.obj
e:\1.dev\emr\emrclient\release\commonnetworkingrunnable.obj
e:\1.dev\emr\emrclient\release\moc_mubaneditmanagement.obj
e:\1.dev\emr\emrclient\release\moc_mubanpropertymodifydlg.obj
e:\1.dev\emr\emrclient\release\moc_pagesettingdlg.obj
e:\1.dev\emr\emrclient\release\moc_paragraphsettingpopup.obj
e:\1.dev\emr\emrclient\release\moc_pictureeditwindow.obj
e:\1.dev\emr\emrclient\release\moc_parserrunnable.obj
e:\1.dev\emr\emrclient\release\moc_pharmacyapp.obj
e:\1.dev\emr\emrclient\release\moc_pharmacywithdrawalapplication.obj
e:\1.dev\emr\emrclient\release\moc_renamepopup.obj
e:\1.dev\emr\emrclient\release\moc_rightclickmenu.obj
e:\1.dev\emr\emrclient\release\moc_selectionpopup.obj
e:\1.dev\emr\emrclient\release\moc_selectionpropertydlg.obj
e:\1.dev\emr\emrclient\release\moc_selectmubandlg.obj
e:\1.dev\emr\emrclient\release\moc_serializerrunnable.obj
e:\1.dev\emr\emrclient\release\moc_simpleelementsettingwidget.obj
e:\1.dev\emr\emrclient\release\moc_specialsymbol.obj
e:\1.dev\emr\emrclient\release\moc_structuringdlg.obj
e:\1.dev\emr\emrclient\release\moc_structuringpopup.obj
e:\1.dev\emr\emrclient\release\moc_tablepropertydlg.obj
e:\1.dev\emr\emrclient\release\moc_tabwidgetcollection.obj
e:\1.dev\emr\emrclient\release\moc_cellsplitdlg.obj
e:\1.dev\emr\emrclient\release\moc_commonnetworkingrunnable.obj
e:\1.dev\emr\emrclient\release\moc_continueprintdlg.obj
e:\1.dev\emr\emrclient\release\moc_createtabledlg.obj
e:\1.dev\emr\emrclient\release\imagemouseinput.obj
e:\1.dev\emr\emrclient\release\moc_customcomboboxdelegate.obj
e:\1.dev\emr\emrclient\release\moc_customlineeditnumbersdelegate.obj
e:\1.dev\emr\emrclient\release\moc_custompushbutton.obj
e:\1.dev\emr\emrclient\release\moc_customspinboxdelegate.obj
e:\1.dev\emr\emrclient\release\moc_customtableview.obj
e:\1.dev\emr\emrclient\release\moc_dbmanager.obj
e:\1.dev\emr\emrclient\release\moc_formuladlg.obj
e:\1.dev\emr\emrclient\release\moc_htmldocument.obj
e:\1.dev\emr\emrclient\release\moc_inputpromptdlg.obj
e:\1.dev\emr\emrclient\release\moc_inspection.obj
e:\1.dev\emr\emrclient\release\moc_keyworddlg.obj
e:\1.dev\emr\emrclient\release\moc_macropropertypopup.obj
e:\1.dev\emr\emrclient\release\moc_mainviewcontainer.obj
e:\1.dev\emr\emrclient\release\moc_messagebox.obj
e:\1.dev\emr\emrclient\release\moc_mubaneditdlg.obj
e:\1.dev\emr\emrclient\release\templetetypeenumeration.obj
e:\1.dev\emr\emrclient\release\templeteviewobj.obj
e:\1.dev\emr\emrclient\release\templeteviewobjmousemanager.obj
e:\1.dev\emr\emrclient\release\inputfilter.obj
e:\1.dev\emr\emrclient\release\nocopytextwidget.obj
e:\1.dev\emr\emrclient\release\numberinputfilter.obj
e:\1.dev\emr\emrclient\release\textwidget.obj
e:\1.dev\emr\emrclient\release\textwidgetkeyboard.obj
e:\1.dev\emr\emrclient\release\textwidgetmouse.obj
e:\1.dev\emr\emrclient\release\textwidgetparam.obj
e:\1.dev\emr\emrclient\release\uiinputmanager.obj
e:\1.dev\emr\emrclient\release\writerinputmanager.obj
e:\1.dev\emr\emrclient\release\writermanager.obj
e:\1.dev\emr\emrclient\release\moc_emrclient.obj
e:\1.dev\emr\emrclient\release\moc_myappentrance.obj
e:\1.dev\emr\emrclient\release\moc_addmubandlg.obj
e:\1.dev\emr\emrclient\release\moc_attributedialog.obj
e:\1.dev\emr\emrclient\release\moc_ccinputcombobox.obj
e:\1.dev\emr\emrclient\release\moc_cellpropertydlg.obj
e:\1.dev\emr\emrclient\release\excelbaselayout.obj
e:\1.dev\emr\emrclient\release\excelcelldata.obj
e:\1.dev\emr\emrclient\release\excelcelldatarow.obj
e:\1.dev\emr\emrclient\release\excelcellpagemouse.obj
e:\1.dev\emr\emrclient\release\excelkeyboard.obj
e:\1.dev\emr\emrclient\release\excellayout.obj
e:\1.dev\emr\emrclient\release\excellayoutviewparam.obj
e:\1.dev\emr\emrclient\release\excelmouseinputmanager.obj
e:\1.dev\emr\emrclient\release\exceltemplete.obj
e:\1.dev\emr\emrclient\release\exceltempleteparamdata.obj
e:\1.dev\emr\emrclient\release\line.obj
e:\1.dev\emr\emrclient\release\measurewh.obj
e:\1.dev\emr\emrclient\release\selectview.obj
e:\1.dev\emr\emrclient\release\menstruationdataparam.obj
e:\1.dev\emr\emrclient\release\menstruationtemplete.obj
e:\1.dev\emr\emrclient\release\templeterowparam.obj
e:\1.dev\emr\emrclient\release\macrotemplete.obj
e:\1.dev\emr\emrclient\release\macrotempleteparam.obj
e:\1.dev\emr\emrclient\release\structurationtextparam.obj
e:\1.dev\emr\emrclient\release\structurationtextwidget.obj
e:\1.dev\emr\emrclient\release\verticallayout.obj
e:\1.dev\emr\emrclient\release\relativelayout.obj
e:\1.dev\emr\emrclient\release\crossparentmgr.obj
e:\1.dev\emr\emrclient\release\objkeymanager.obj
e:\1.dev\emr\emrclient\release\logicmanager.obj
e:\1.dev\emr\emrclient\release\objmousemanager.obj
e:\1.dev\emr\emrclient\release\objdrawmanager.obj
e:\1.dev\emr\emrclient\release\txtwindrawmanager.obj
e:\1.dev\emr\emrclient\release\viewobj.obj
e:\1.dev\emr\emrclient\release\htmloutputmanger.obj
e:\1.dev\emr\emrclient\release\basemath.obj
e:\1.dev\emr\emrclient\release\basesystem.obj
e:\1.dev\emr\emrclient\release\basetools.obj
e:\1.dev\emr\emrclient\release\baseiotools.obj
e:\1.dev\emr\emrclient\release\basetempletekeyboard.obj
e:\1.dev\emr\emrclient\release\basetempletemouse.obj
e:\1.dev\emr\emrclient\release\bracketwidget.obj
e:\1.dev\emr\emrclient\release\bracketwidgetkeyboard.obj
e:\1.dev\emr\emrclient\release\choicewidgettemplete.obj
e:\1.dev\emr\emrclient\release\choicewidgettempleteparam.obj
e:\1.dev\emr\emrclient\release\codetempdata.obj
e:\1.dev\emr\emrclient\release\tempparagraphmgrdata.obj
e:\1.dev\emr\emrclient\release\imgcontentdata.obj
e:\1.dev\emr\emrclient\release\baseviewparam.obj
e:\1.dev\emr\emrclient\release\txtwindata.obj
e:\1.dev\emr\emrclient\release\baselogic.obj
e:\1.dev\emr\emrclient\release\basechildrenmanager.obj
e:\1.dev\emr\emrclient\release\relativechildrenparam.obj
e:\1.dev\emr\emrclient\release\imgviewparam.obj
e:\1.dev\emr\emrclient\release\layoutviewparam.obj
e:\1.dev\emr\emrclient\release\rowviewparam.obj
e:\1.dev\emr\emrclient\release\txtviewparam.obj
e:\1.dev\emr\emrclient\release\verticalviewparam.obj
e:\1.dev\emr\emrclient\release\basedraw.obj
e:\1.dev\emr\emrclient\release\drawrect.obj
e:\1.dev\emr\emrclient\release\txtwindowmouse.obj
e:\1.dev\emr\emrclient\release\baselayout.obj
e:\1.dev\emr\emrclient\release\basetxtlayerlayout.obj
e:\1.dev\emr\emrclient\release\pagecontenttxtlayerlayout.obj
e:\1.dev\emr\emrclient\release\rowlayout.obj
e:\1.dev\emr\emrclient\release\flagviewparam.obj
e:\1.dev\emr\emrclient\release\drawbutton.obj
e:\1.dev\emr\emrclient\release\drawimage.obj
e:\1.dev\emr\emrclient\release\drawline.obj
e:\1.dev\emr\emrclient\release\drawstr.obj
e:\1.dev\emr\emrclient\release\basekey.obj
e:\1.dev\emr\emrclient\release\basemouse.obj
e:\1.dev\emr\emrclient\release\emrclient.obj
e:\1.dev\emr\emrclient\release\baseconstants.obj
e:\1.dev\emr\emrclient\release\uiconstants.obj
e:\1.dev\emr\emrclient\release\basepointdata.obj
e:\1.dev\emr\emrclient\release\baseuimsgdata.obj
e:\1.dev\emr\emrclient\release\globalimgdata.obj
e:\1.dev\emr\emrclient\release\mousepressparams.obj
e:\1.dev\emr\emrclient\release\uimsgresizewindow.obj
e:\1.dev\emr\emrclient\release\templetefactory.obj
e:\1.dev\emr\emrclient\release\viewfactory.obj
e:\1.dev\emr\emrclient\release\basecontainerparam.obj
e:\1.dev\emr\emrclient\release\baseelement.obj
e:\1.dev\emr\emrclient\release\basecontentdata.obj
e:\1.dev\emr\emrclient\release\excelcrossparentmgr.obj
e:\1.dev\emr\emrclient\release\txtwinlogicmanager.obj
e:\1.dev\emr\emrclient\release\htmldocument.obj
e:\1.dev\emr\emrclient\release\addobjlistaction.obj
e:\1.dev\emr\emrclient\release\baseaction.obj
e:\1.dev\emr\emrclient\release\htmlbaseobj.obj
e:\1.dev\emr\emrclient\release\actionmgr.obj
e:\1.dev\emr\emrclient\release\stepactionmanger.obj
e:\1.dev\emr\emrclient\release\basescaleparam.obj
e:\1.dev\emr\emrclient\release\constantsnumber.obj
e:\1.dev\emr\emrclient\release\strconstants.obj
e:\1.dev\emr\emrclient\release\layoutreplacedata.obj
e:\1.dev\emr\emrclient\release\layoutreplacemanager.obj
e:\1.dev\emr\emrclient\release\inputfactory.obj
e:\1.dev\emr\emrclient\release\baseparagraph.obj
e:\1.dev\emr\emrclient\release\tempcontainermgr.obj
e:\1.dev\emr\emrclient\release\paragraphdata.obj
e:\1.dev\emr\emrclient\release\flagparam.obj
e:\1.dev\emr\emrclient\release\paragraphmanager.obj
e:\1.dev\emr\emrclient\release\strcontentdata.obj
e:\1.dev\emr\emrclient\release\basedictdatamodel.obj
e:\1.dev\emr\emrclient\release\databasecontrol.obj
e:\1.dev\emr\emrclient\release\requestjsondatamodel.obj
e:\1.dev\emr\emrclient\release\cursor.obj
e:\1.dev\emr\emrclient\release\systemparams.obj
e:\1.dev\emr\emrclient\release\uimsgsetsysboolparams.obj
e:\1.dev\emr\emrclient\release\uimsgsettxtboolparams.obj
e:\1.dev\emr\emrclient\release\uimsgsettxtintparams.obj
e:\1.dev\emr\emrclient\release\uimsgsettxtmultipleintparams.obj
e:\1.dev\emr\emrclient\release\uimsgsettxtstrparams.obj
e:\1.dev\emr\emrclient\release\actionfactory.obj
e:\1.dev\emr\emrclient\release\drawfactory.obj
e:\1.dev\emr\emrclient\release\delobjlistaction.obj
e:\1.dev\emr\emrclient\release\setsysboolparamaction.obj
e:\1.dev\emr\emrclient\release\settxtmultiplenumparamaction.obj
e:\1.dev\emr\emrclient\release\settxtnumparamaction.obj
e:\1.dev\emr\emrclient\release\settxtstrparamaction.obj
e:\1.dev\emr\emrclient\release\drawrowbottom.obj
e:\1.dev\emr\emrclient\release\drawrowtop.obj
e:\1.dev\emr\emrclient\release\buttoninput.obj
e:\1.dev\emr\emrclient\release\codeparams.obj
e:\1.dev\emr\emrclient\release\nodeparams.obj
e:\1.dev\emr\emrclient\release\paragraphcodeparams.obj
e:\1.dev\emr\emrclient\release\flagflashlogic.obj
e:\1.dev\emr\emrclient\release\judgepagepanelscrolllogic.obj
e:\1.dev\emr\emrclient\release\basetemplate.obj
e:\1.dev\emr\emrclient\release\nodechildrenmgr.obj
e:\1.dev\emr\emrclient\release\nodemgr.obj
e:\1.dev\emr\emrclient\release\baseeditparam.obj
e:\1.dev\emr\emrclient\release\tabwidgetcollection.obj
e:\1.dev\emr\emrclient\release\ccinputcombobox.obj
e:\1.dev\emr\emrclient\release\customcomboboxdelegate.obj
e:\1.dev\emr\emrclient\release\customlineeditnumbersdelegate.obj
e:\1.dev\emr\emrclient\release\custompushbutton.obj
e:\1.dev\emr\emrclient\release\customspinboxdelegate.obj
e:\1.dev\emr\emrclient\release\customtableview.obj
e:\1.dev\emr\emrclient\release\treeitemmimedata.obj
e:\1.dev\emr\emrclient\release\treewidget.obj
e:\1.dev\emr\emrclient\release\test.obj
e:\1.dev\emr\emrclient\release\dbmanager.obj
e:\1.dev\emr\emrclient\release\addtempletwidgetaction.obj
e:\1.dev\emr\emrclient\release\excelcellchangelineaction.obj
e:\1.dev\emr\emrclient\release\excelrelayoutaction.obj
e:\1.dev\emr\emrclient\release\linemoveaction.obj
e:\1.dev\emr\emrclient\release\newordeletecelldataaction.obj
e:\1.dev\emr\emrclient\release\newordeletelineaction.obj
e:\1.dev\emr\emrclient\release\setchoicewidgetaction.obj
e:\1.dev\emr\emrclient\release\setexcelcellpropertyaction.obj
e:\1.dev\emr\emrclient\release\setexcelpropertyaction.obj
e:\1.dev\emr\emrclient\release\setfocusaction.obj
e:\1.dev\emr\emrclient\release\setmacrowidgetaction.obj
e:\1.dev\emr\emrclient\release\setmenstruationwidgetaction.obj
e:\1.dev\emr\emrclient\release\setpagepropertyaction.obj
e:\1.dev\emr\emrclient\release\setparagraphfloatparamaction.obj
e:\1.dev\emr\emrclient\release\setparagraphindentparamaction.obj
e:\1.dev\emr\emrclient\release\setparagraphintparamaction.obj
e:\1.dev\emr\emrclient\release\setparagraphotherparamaction.obj
e:\1.dev\emr\emrclient\release\settxtwidgetelementaction.obj
e:\1.dev\emr\emrclient\release\setwidgetelementpropertyaction.obj
e:\1.dev\emr\emrclient\release\basecontainer.obj
e:\1.dev\emr\emrclient\release\ellipseitem.obj
e:\1.dev\emr\emrclient\release\filedata.obj
e:\1.dev\emr\emrclient\release\patientinfo.obj
e:\1.dev\emr\emrclient\release\setautorityinput.obj
e:\1.dev\emr\emrclient\release\shortcutkeyinputparam.obj
e:\1.dev\emr\emrclient\release\uimsgsetpageparams.obj
e:\1.dev\emr\emrclient\release\uimsgsetparagraphfloatparams.obj
e:\1.dev\emr\emrclient\release\uimsgsetparagraphindentparams.obj
e:\1.dev\emr\emrclient\release\uimsgsetparagraphintparams.obj
e:\1.dev\emr\emrclient\release\arrowitem.obj
e:\1.dev\emr\emrclient\release\circularitem.obj
e:\1.dev\emr\emrclient\release\freelineitem.obj
e:\1.dev\emr\emrclient\release\lineitem.obj
e:\1.dev\emr\emrclient\release\uimsgsetsysintparams.obj
e:\1.dev\emr\emrclient\release\uimsgsetsyssignalparams.obj
e:\1.dev\emr\emrclient\release\uimsgsetsysstrparams.obj
e:\1.dev\emr\emrclient\release\userinfo.obj
e:\1.dev\emr\emrclient\release\operatemgr.obj
e:\1.dev\emr\emrclient\release\contentdatafactory.obj
e:\1.dev\emr\emrclient\release\logicfactory.obj
e:\1.dev\emr\emrclient\release\attributedialog.obj
e:\1.dev\emr\emrclient\release\pictureeditwindow.obj
e:\1.dev\emr\emrclient\release\mygraphicsscene.obj
e:\1.dev\emr\emrclient\release\qrc_emrclient.obj
e:\1.dev\emr\emrclient\release\qrc_windowpicture.obj
e:\1.dev\emr\emrclient\release\excelverticallayoutaction.obj
e:\1.dev\emr\emrclient\release\setsysintparamaction.obj
e:\1.dev\emr\emrclient\release\uimsgfindandreplaceparams.obj
e:\1.dev\emr\emrclient\generatedfiles\ui_emrclient.h
e:\1.dev\emr\emrclient\generatedfiles\qrc_emrclient.cpp
e:\1.dev\emr\emrclient\generatedfiles\ui_inspection.h
e:\1.dev\emr\emrclient\generatedfiles\ui_renamepopup.h
e:\1.dev\emr\emrclient\generatedfiles\qrc_windowpicture.cpp
e:\1.dev\emr\emrclient\generatedfiles\ui_attributedialog.h
e:\1.dev\emr\emrclient\generatedfiles\release\moc_emrclient.cpp
e:\1.dev\emr\emrclient\generatedfiles\release\moc_ccinputcombobox.cpp
e:\1.dev\emr\emrclient\generatedfiles\release\moc_customcomboboxdelegate.cpp
e:\1.dev\emr\emrclient\generatedfiles\release\moc_customlineeditnumbersdelegate.cpp
e:\1.dev\emr\emrclient\generatedfiles\release\moc_custompushbutton.cpp
e:\1.dev\emr\emrclient\generatedfiles\release\moc_customspinboxdelegate.cpp
e:\1.dev\emr\emrclient\generatedfiles\release\moc_customtableview.cpp
e:\1.dev\emr\emrclient\generatedfiles\release\moc_attributedialog.cpp
e:\1.dev\emr\emrclient\generatedfiles\release\moc_uiinputmanager.cpp
e:\1.dev\emr\emrclient\generatedfiles\release\moc_treeitemmimedata.cpp
e:\1.dev\emr\emrclient\generatedfiles\release\moc_treewidget.cpp
e:\1.dev\emr\emrclient\generatedfiles\release\moc_dbmanager.cpp
e:\1.dev\emr\emrclient\generatedfiles\release\moc_htmldocument.cpp
e:\1.dev\emr\emrclient\generatedfiles\release\moc_writermanager.cpp
e:\1.dev\emr\emrclient\generatedfiles\release\moc_inspection.cpp
e:\1.dev\emr\emrclient\generatedfiles\release\moc_pictureeditwindow.cpp
e:\1.dev\emr\emrclient\generatedfiles\release\moc_renamepopup.cpp
e:\1.dev\emr\emrclient\generatedfiles\release\moc_messagebox.cpp
e:\1.dev\emr\emrclient\generatedfiles\release\moc_toolbarclass.cpp
e:\1.dev\emr\emrclient\generatedfiles\release\moc_simpleelementsettingwidget.cpp
e:\1.dev\emr\emrclient\generatedfiles\release\moc_selectmubandlg.cpp
e:\1.dev\emr\emrclient\generatedfiles\release\moc_addmubandlg.cpp
e:\1.dev\emr\emrclient\generatedfiles\release\moc_continueprintdlg.cpp
e:\1.dev\emr\emrclient\generatedfiles\release\moc_mainviewcontainer.cpp
e:\1.dev\emr\emrclient\generatedfiles\release\moc_mubaneditdlg.cpp
e:\1.dev\emr\emrclient\generatedfiles\release\moc_mubaneditmanagement.cpp
e:\1.dev\emr\emrclient\generatedfiles\release\moc_mubanpropertymodifydlg.cpp
e:\1.dev\emr\emrclient\generatedfiles\release\moc_pharmacyapp.cpp
e:\1.dev\emr\emrclient\generatedfiles\release\moc_tablepropertydlg.cpp
e:\1.dev\emr\emrclient\generatedfiles\release\moc_structuringpopup.cpp
e:\1.dev\emr\emrclient\generatedfiles\release\moc_structuringdlg.cpp
e:\1.dev\emr\emrclient\generatedfiles\release\moc_specialsymbol.cpp
e:\1.dev\emr\emrclient\generatedfiles\release\moc_selectionpropertydlg.cpp
e:\1.dev\emr\emrclient\generatedfiles\release\moc_selectionpopup.cpp
e:\1.dev\emr\emrclient\generatedfiles\release\moc_rightclickmenu.cpp
e:\1.dev\emr\emrclient\generatedfiles\release\moc_paragraphsettingpopup.cpp
e:\1.dev\emr\emrclient\generatedfiles\release\moc_pagesettingdlg.cpp
e:\1.dev\emr\emrclient\generatedfiles\release\moc_macropropertypopup.cpp
e:\1.dev\emr\emrclient\generatedfiles\release\moc_keyworddlg.cpp
e:\1.dev\emr\emrclient\generatedfiles\release\moc_inputpromptdlg.cpp
e:\1.dev\emr\emrclient\generatedfiles\release\moc_formuladlg.cpp
e:\1.dev\emr\emrclient\generatedfiles\release\moc_cellsplitdlg.cpp
e:\1.dev\emr\emrclient\generatedfiles\release\moc_cellpropertydlg.cpp
e:\1.dev\emr\emrclient\generatedfiles\release\moc_pharmacywithdrawalapplication.cpp
e:\1.dev\emr\emrclient\generatedfiles\release\moc_serializerrunnable.cpp
e:\1.dev\emr\emrclient\generatedfiles\release\moc_parserrunnable.cpp
e:\1.dev\emr\emrclient\generatedfiles\release\moc_commonnetworkingrunnable.cpp
e:\1.dev\emr\emrclient\generatedfiles\release\moc_createtabledlg.cpp
e:\1.dev\emr\emrclient\generatedfiles\release\moc_myappentrance.cpp
e:\1.dev\emr\emrclient\generatedfiles\release\moc_tabwidgetcollection.cpp
e:\1.dev\emr\win32\release\emrclient.exe
e:\1.dev\emr\win32\release\emrclient.pdb
e:\1.dev\emr\emrclient\release\emrclient.tlog\cl.command.1.tlog
e:\1.dev\emr\emrclient\release\emrclient.tlog\cl.read.1.tlog
e:\1.dev\emr\emrclient\release\emrclient.tlog\cl.write.1.tlog
e:\1.dev\emr\emrclient\release\emrclient.tlog\custombuild.command.1.tlog
e:\1.dev\emr\emrclient\release\emrclient.tlog\custombuild.read.1.tlog
e:\1.dev\emr\emrclient\release\emrclient.tlog\custombuild.write.1.tlog
e:\1.dev\emr\emrclient\release\emrclient.tlog\link.command.1.tlog
e:\1.dev\emr\emrclient\release\emrclient.tlog\link.read.1.tlog
e:\1.dev\emr\emrclient\release\emrclient.tlog\link.write.1.tlog
