  Moc'ing emrversion.h...
  Qt: Untested Windows version 10.0 detected!
  Moc'ing toolbarclass.h...
  Qt: Untested Windows version 10.0 detected!
  Moc'ing MainViewContainer.h...
  Qt: Untested Windows version 10.0 detected!
C:\Program Files (x86)\MSBuild\Microsoft.Cpp\v4.0\V120\Microsoft.CppBuild.targets(935,5): warning MSB8027: Two or more files with the name of moc_adminlogin.cpp will produce outputs to the same location. This can lead to an incorrect build result.  The files involved are GeneratedFiles\Debug\moc_adminlogin.cpp, GeneratedFiles\Release\moc_adminlogin.cpp.
C:\Program Files (x86)\MSBuild\Microsoft.Cpp\v4.0\V120\Microsoft.CppBuild.targets(935,5): warning MSB8027: Two or more files with the name of moc_quagzipfile.cpp will produce outputs to the same location. This can lead to an incorrect build result.  The files involved are GeneratedFiles\Debug\moc_quagzipfile.cpp, GeneratedFiles\Release\moc_quagzipfile.cpp.
C:\Program Files (x86)\MSBuild\Microsoft.Cpp\v4.0\V120\Microsoft.CppBuild.targets(935,5): warning MSB8027: Two or more files with the name of moc_quaziodevice.cpp will produce outputs to the same location. This can lead to an incorrect build result.  The files involved are GeneratedFiles\Debug\moc_quaziodevice.cpp, GeneratedFiles\Release\moc_quaziodevice.cpp.
C:\Program Files (x86)\MSBuild\Microsoft.Cpp\v4.0\V120\Microsoft.CppBuild.targets(935,5): warning MSB8027: Two or more files with the name of moc_quazipfile.cpp will produce outputs to the same location. This can lead to an incorrect build result.  The files involved are GeneratedFiles\Debug\moc_quazipfile.cpp, GeneratedFiles\Release\moc_quazipfile.cpp.
C:\Program Files (x86)\MSBuild\Microsoft.Cpp\v4.0\V120\Microsoft.CppBuild.targets(935,5): warning MSB8027: Two or more files with the name of moc_emrversion.cpp will produce outputs to the same location. This can lead to an incorrect build result.  The files involved are GeneratedFiles\Debug\moc_emrversion.cpp, GeneratedFiles\Release\moc_emrversion.cpp.
C:\Program Files (x86)\MSBuild\Microsoft.Cpp\v4.0\V120\Microsoft.CppBuild.targets(935,5): warning MSB8027: Two or more files with the name of moc_addmubandlg.cpp will produce outputs to the same location. This can lead to an incorrect build result.  The files involved are GeneratedFiles\Debug\moc_addmubandlg.cpp, GeneratedFiles\Release\moc_addmubandlg.cpp.
C:\Program Files (x86)\MSBuild\Microsoft.Cpp\v4.0\V120\Microsoft.CppBuild.targets(935,5): warning MSB8027: Two or more files with the name of moc_AttributeDialog.cpp will produce outputs to the same location. This can lead to an incorrect build result.  The files involved are GeneratedFiles\Debug\moc_AttributeDialog.cpp, GeneratedFiles\Release\moc_AttributeDialog.cpp.
C:\Program Files (x86)\MSBuild\Microsoft.Cpp\v4.0\V120\Microsoft.CppBuild.targets(935,5): warning MSB8027: Two or more files with the name of moc_ccinputcombobox.cpp will produce outputs to the same location. This can lead to an incorrect build result.  The files involved are GeneratedFiles\Debug\moc_ccinputcombobox.cpp, GeneratedFiles\Release\moc_ccinputcombobox.cpp.
C:\Program Files (x86)\MSBuild\Microsoft.Cpp\v4.0\V120\Microsoft.CppBuild.targets(935,5): warning MSB8027: Two or more files with the name of moc_cellpropertydlg.cpp will produce outputs to the same location. This can lead to an incorrect build result.  The files involved are GeneratedFiles\Debug\moc_cellpropertydlg.cpp, GeneratedFiles\Release\moc_cellpropertydlg.cpp.
C:\Program Files (x86)\MSBuild\Microsoft.Cpp\v4.0\V120\Microsoft.CppBuild.targets(935,5): warning MSB8027: Two or more files with the name of moc_CellSplitDlg.cpp will produce outputs to the same location. This can lead to an incorrect build result.  The files involved are GeneratedFiles\Debug\moc_CellSplitDlg.cpp, GeneratedFiles\Release\moc_CellSplitDlg.cpp.
C:\Program Files (x86)\MSBuild\Microsoft.Cpp\v4.0\V120\Microsoft.CppBuild.targets(935,5): warning MSB8027: Two or more files with the name of moc_CommonNetWorkingRunnable.cpp will produce outputs to the same location. This can lead to an incorrect build result.  The files involved are GeneratedFiles\Debug\moc_CommonNetWorkingRunnable.cpp, GeneratedFiles\Release\moc_CommonNetWorkingRunnable.cpp.
C:\Program Files (x86)\MSBuild\Microsoft.Cpp\v4.0\V120\Microsoft.CppBuild.targets(935,5): warning MSB8027: Two or more files with the name of moc_continueprintdlg.cpp will produce outputs to the same location. This can lead to an incorrect build result.  The files involved are GeneratedFiles\Debug\moc_continueprintdlg.cpp, GeneratedFiles\Release\moc_continueprintdlg.cpp.
C:\Program Files (x86)\MSBuild\Microsoft.Cpp\v4.0\V120\Microsoft.CppBuild.targets(935,5): warning MSB8027: Two or more files with the name of moc_CreateTableDlg.cpp will produce outputs to the same location. This can lead to an incorrect build result.  The files involved are GeneratedFiles\Debug\moc_CreateTableDlg.cpp, GeneratedFiles\Release\moc_CreateTableDlg.cpp.
C:\Program Files (x86)\MSBuild\Microsoft.Cpp\v4.0\V120\Microsoft.CppBuild.targets(935,5): warning MSB8027: Two or more files with the name of moc_CustomComboBoxDelegate.cpp will produce outputs to the same location. This can lead to an incorrect build result.  The files involved are GeneratedFiles\Debug\moc_CustomComboBoxDelegate.cpp, GeneratedFiles\Release\moc_CustomComboBoxDelegate.cpp.
C:\Program Files (x86)\MSBuild\Microsoft.Cpp\v4.0\V120\Microsoft.CppBuild.targets(935,5): warning MSB8027: Two or more files with the name of moc_CustomLineEditNumbersDelegate.cpp will produce outputs to the same location. This can lead to an incorrect build result.  The files involved are GeneratedFiles\Debug\moc_CustomLineEditNumbersDelegate.cpp, GeneratedFiles\Release\moc_CustomLineEditNumbersDelegate.cpp.
C:\Program Files (x86)\MSBuild\Microsoft.Cpp\v4.0\V120\Microsoft.CppBuild.targets(935,5): warning MSB8027: Two or more files with the name of moc_custompushbutton.cpp will produce outputs to the same location. This can lead to an incorrect build result.  The files involved are GeneratedFiles\Debug\moc_custompushbutton.cpp, GeneratedFiles\Release\moc_custompushbutton.cpp.
C:\Program Files (x86)\MSBuild\Microsoft.Cpp\v4.0\V120\Microsoft.CppBuild.targets(935,5): warning MSB8027: Two or more files with the name of moc_CustomSpinBoxDelegate.cpp will produce outputs to the same location. This can lead to an incorrect build result.  The files involved are GeneratedFiles\Debug\moc_CustomSpinBoxDelegate.cpp, GeneratedFiles\Release\moc_CustomSpinBoxDelegate.cpp.
C:\Program Files (x86)\MSBuild\Microsoft.Cpp\v4.0\V120\Microsoft.CppBuild.targets(935,5): warning MSB8027: Two or more files with the name of moc_CustomTableView.cpp will produce outputs to the same location. This can lead to an incorrect build result.  The files involved are GeneratedFiles\Debug\moc_CustomTableView.cpp, GeneratedFiles\Release\moc_CustomTableView.cpp.
C:\Program Files (x86)\MSBuild\Microsoft.Cpp\v4.0\V120\Microsoft.CppBuild.targets(935,5): warning MSB8027: Two or more files with the name of moc_DBManager.cpp will produce outputs to the same location. This can lead to an incorrect build result.  The files involved are GeneratedFiles\Debug\moc_DBManager.cpp, GeneratedFiles\Release\moc_DBManager.cpp.
C:\Program Files (x86)\MSBuild\Microsoft.Cpp\v4.0\V120\Microsoft.CppBuild.targets(935,5): warning MSB8027: Two or more files with the name of moc_FormulaDlg.cpp will produce outputs to the same location. This can lead to an incorrect build result.  The files involved are GeneratedFiles\Debug\moc_FormulaDlg.cpp, GeneratedFiles\Release\moc_FormulaDlg.cpp.
C:\Program Files (x86)\MSBuild\Microsoft.Cpp\v4.0\V120\Microsoft.CppBuild.targets(935,5): warning MSB8027: Two or more files with the name of moc_HtmlDocument.cpp will produce outputs to the same location. This can lead to an incorrect build result.  The files involved are GeneratedFiles\Debug\moc_HtmlDocument.cpp, GeneratedFiles\Release\moc_HtmlDocument.cpp.
C:\Program Files (x86)\MSBuild\Microsoft.Cpp\v4.0\V120\Microsoft.CppBuild.targets(935,5): warning MSB8027: Two or more files with the name of moc_inputpromptdlg.cpp will produce outputs to the same location. This can lead to an incorrect build result.  The files involved are GeneratedFiles\Debug\moc_inputpromptdlg.cpp, GeneratedFiles\Release\moc_inputpromptdlg.cpp.
C:\Program Files (x86)\MSBuild\Microsoft.Cpp\v4.0\V120\Microsoft.CppBuild.targets(935,5): warning MSB8027: Two or more files with the name of moc_inspection.cpp will produce outputs to the same location. This can lead to an incorrect build result.  The files involved are GeneratedFiles\Debug\moc_inspection.cpp, GeneratedFiles\Release\moc_inspection.cpp.
C:\Program Files (x86)\MSBuild\Microsoft.Cpp\v4.0\V120\Microsoft.CppBuild.targets(935,5): warning MSB8027: Two or more files with the name of moc_keyworddlg.cpp will produce outputs to the same location. This can lead to an incorrect build result.  The files involved are GeneratedFiles\Debug\moc_keyworddlg.cpp, GeneratedFiles\Release\moc_keyworddlg.cpp.
C:\Program Files (x86)\MSBuild\Microsoft.Cpp\v4.0\V120\Microsoft.CppBuild.targets(935,5): warning MSB8027: Two or more files with the name of moc_MacroPropertyPopup.cpp will produce outputs to the same location. This can lead to an incorrect build result.  The files involved are GeneratedFiles\Debug\moc_MacroPropertyPopup.cpp, GeneratedFiles\Release\moc_MacroPropertyPopup.cpp.
C:\Program Files (x86)\MSBuild\Microsoft.Cpp\v4.0\V120\Microsoft.CppBuild.targets(935,5): warning MSB8027: Two or more files with the name of moc_MainViewContainer.cpp will produce outputs to the same location. This can lead to an incorrect build result.  The files involved are GeneratedFiles\Debug\moc_MainViewContainer.cpp, GeneratedFiles\Release\moc_MainViewContainer.cpp.
C:\Program Files (x86)\MSBuild\Microsoft.Cpp\v4.0\V120\Microsoft.CppBuild.targets(935,5): warning MSB8027: Two or more files with the name of moc_MessageBox.cpp will produce outputs to the same location. This can lead to an incorrect build result.  The files involved are GeneratedFiles\Debug\moc_MessageBox.cpp, GeneratedFiles\Release\moc_MessageBox.cpp.
C:\Program Files (x86)\MSBuild\Microsoft.Cpp\v4.0\V120\Microsoft.CppBuild.targets(935,5): warning MSB8027: Two or more files with the name of moc_mubaneditdlg.cpp will produce outputs to the same location. This can lead to an incorrect build result.  The files involved are GeneratedFiles\Debug\moc_mubaneditdlg.cpp, GeneratedFiles\Release\moc_mubaneditdlg.cpp.
C:\Program Files (x86)\MSBuild\Microsoft.Cpp\v4.0\V120\Microsoft.CppBuild.targets(935,5): warning MSB8027: Two or more files with the name of moc_MubanEditManagement.cpp will produce outputs to the same location. This can lead to an incorrect build result.  The files involved are GeneratedFiles\Debug\moc_MubanEditManagement.cpp, GeneratedFiles\Release\moc_MubanEditManagement.cpp.
C:\Program Files (x86)\MSBuild\Microsoft.Cpp\v4.0\V120\Microsoft.CppBuild.targets(935,5): warning MSB8027: Two or more files with the name of moc_MubanPropertyModifyDlg.cpp will produce outputs to the same location. This can lead to an incorrect build result.  The files involved are GeneratedFiles\Debug\moc_MubanPropertyModifyDlg.cpp, GeneratedFiles\Release\moc_MubanPropertyModifyDlg.cpp.
C:\Program Files (x86)\MSBuild\Microsoft.Cpp\v4.0\V120\Microsoft.CppBuild.targets(935,5): warning MSB8027: Two or more files with the name of moc_pagesettingdlg.cpp will produce outputs to the same location. This can lead to an incorrect build result.  The files involved are GeneratedFiles\Debug\moc_pagesettingdlg.cpp, GeneratedFiles\Release\moc_pagesettingdlg.cpp.
C:\Program Files (x86)\MSBuild\Microsoft.Cpp\v4.0\V120\Microsoft.CppBuild.targets(935,5): warning MSB8027: Two or more files with the name of moc_ParagraphSettingPopup.cpp will produce outputs to the same location. This can lead to an incorrect build result.  The files involved are GeneratedFiles\Debug\moc_ParagraphSettingPopup.cpp, GeneratedFiles\Release\moc_ParagraphSettingPopup.cpp.
C:\Program Files (x86)\MSBuild\Microsoft.Cpp\v4.0\V120\Microsoft.CppBuild.targets(935,5): warning MSB8027: Two or more files with the name of moc_PictureEditWindow.cpp will produce outputs to the same location. This can lead to an incorrect build result.  The files involved are GeneratedFiles\Debug\moc_PictureEditWindow.cpp, GeneratedFiles\Release\moc_PictureEditWindow.cpp.
C:\Program Files (x86)\MSBuild\Microsoft.Cpp\v4.0\V120\Microsoft.CppBuild.targets(935,5): warning MSB8027: Two or more files with the name of moc_parserrunnable.cpp will produce outputs to the same location. This can lead to an incorrect build result.  The files involved are GeneratedFiles\Debug\moc_parserrunnable.cpp, GeneratedFiles\Release\moc_parserrunnable.cpp.
C:\Program Files (x86)\MSBuild\Microsoft.Cpp\v4.0\V120\Microsoft.CppBuild.targets(935,5): warning MSB8027: Two or more files with the name of moc_pharmacyapp.cpp will produce outputs to the same location. This can lead to an incorrect build result.  The files involved are GeneratedFiles\Debug\moc_pharmacyapp.cpp, GeneratedFiles\Release\moc_pharmacyapp.cpp.
C:\Program Files (x86)\MSBuild\Microsoft.Cpp\v4.0\V120\Microsoft.CppBuild.targets(935,5): warning MSB8027: Two or more files with the name of moc_pharmacyWithdrawalApplication.cpp will produce outputs to the same location. This can lead to an incorrect build result.  The files involved are GeneratedFiles\Debug\moc_pharmacyWithdrawalApplication.cpp, GeneratedFiles\Release\moc_pharmacyWithdrawalApplication.cpp.
C:\Program Files (x86)\MSBuild\Microsoft.Cpp\v4.0\V120\Microsoft.CppBuild.targets(935,5): warning MSB8027: Two or more files with the name of moc_renamepopup.cpp will produce outputs to the same location. This can lead to an incorrect build result.  The files involved are GeneratedFiles\Debug\moc_renamepopup.cpp, GeneratedFiles\Release\moc_renamepopup.cpp.
C:\Program Files (x86)\MSBuild\Microsoft.Cpp\v4.0\V120\Microsoft.CppBuild.targets(935,5): warning MSB8027: Two or more files with the name of moc_RightClickMenu.cpp will produce outputs to the same location. This can lead to an incorrect build result.  The files involved are GeneratedFiles\Debug\moc_RightClickMenu.cpp, GeneratedFiles\Release\moc_RightClickMenu.cpp.
C:\Program Files (x86)\MSBuild\Microsoft.Cpp\v4.0\V120\Microsoft.CppBuild.targets(935,5): warning MSB8027: Two or more files with the name of moc_SelectionPopup.cpp will produce outputs to the same location. This can lead to an incorrect build result.  The files involved are GeneratedFiles\Debug\moc_SelectionPopup.cpp, GeneratedFiles\Release\moc_SelectionPopup.cpp.
C:\Program Files (x86)\MSBuild\Microsoft.Cpp\v4.0\V120\Microsoft.CppBuild.targets(935,5): warning MSB8027: Two or more files with the name of moc_selectionpropertydlg.cpp will produce outputs to the same location. This can lead to an incorrect build result.  The files involved are GeneratedFiles\Debug\moc_selectionpropertydlg.cpp, GeneratedFiles\Release\moc_selectionpropertydlg.cpp.
C:\Program Files (x86)\MSBuild\Microsoft.Cpp\v4.0\V120\Microsoft.CppBuild.targets(935,5): warning MSB8027: Two or more files with the name of moc_selectmubandlg.cpp will produce outputs to the same location. This can lead to an incorrect build result.  The files involved are GeneratedFiles\Debug\moc_selectmubandlg.cpp, GeneratedFiles\Release\moc_selectmubandlg.cpp.
C:\Program Files (x86)\MSBuild\Microsoft.Cpp\v4.0\V120\Microsoft.CppBuild.targets(935,5): warning MSB8027: Two or more files with the name of moc_serializerrunnable.cpp will produce outputs to the same location. This can lead to an incorrect build result.  The files involved are GeneratedFiles\Debug\moc_serializerrunnable.cpp, GeneratedFiles\Release\moc_serializerrunnable.cpp.
C:\Program Files (x86)\MSBuild\Microsoft.Cpp\v4.0\V120\Microsoft.CppBuild.targets(935,5): warning MSB8027: Two or more files with the name of moc_SimpleElementSettingWidget.cpp will produce outputs to the same location. This can lead to an incorrect build result.  The files involved are GeneratedFiles\Debug\moc_SimpleElementSettingWidget.cpp, GeneratedFiles\Release\moc_SimpleElementSettingWidget.cpp.
C:\Program Files (x86)\MSBuild\Microsoft.Cpp\v4.0\V120\Microsoft.CppBuild.targets(935,5): warning MSB8027: Two or more files with the name of moc_specialsymbol.cpp will produce outputs to the same location. This can lead to an incorrect build result.  The files involved are GeneratedFiles\Debug\moc_specialsymbol.cpp, GeneratedFiles\Release\moc_specialsymbol.cpp.
C:\Program Files (x86)\MSBuild\Microsoft.Cpp\v4.0\V120\Microsoft.CppBuild.targets(935,5): warning MSB8027: Two or more files with the name of moc_structuringdlg.cpp will produce outputs to the same location. This can lead to an incorrect build result.  The files involved are GeneratedFiles\Debug\moc_structuringdlg.cpp, GeneratedFiles\Release\moc_structuringdlg.cpp.
C:\Program Files (x86)\MSBuild\Microsoft.Cpp\v4.0\V120\Microsoft.CppBuild.targets(935,5): warning MSB8027: Two or more files with the name of moc_StructuringPopup.cpp will produce outputs to the same location. This can lead to an incorrect build result.  The files involved are GeneratedFiles\Debug\moc_StructuringPopup.cpp, GeneratedFiles\Release\moc_StructuringPopup.cpp.
C:\Program Files (x86)\MSBuild\Microsoft.Cpp\v4.0\V120\Microsoft.CppBuild.targets(935,5): warning MSB8027: Two or more files with the name of moc_tablepropertydlg.cpp will produce outputs to the same location. This can lead to an incorrect build result.  The files involved are GeneratedFiles\Debug\moc_tablepropertydlg.cpp, GeneratedFiles\Release\moc_tablepropertydlg.cpp.
C:\Program Files (x86)\MSBuild\Microsoft.Cpp\v4.0\V120\Microsoft.CppBuild.targets(935,5): warning MSB8027: Two or more files with the name of moc_TabWidgetCollection.cpp will produce outputs to the same location. This can lead to an incorrect build result.  The files involved are GeneratedFiles\Debug\moc_TabWidgetCollection.cpp, GeneratedFiles\Release\moc_TabWidgetCollection.cpp.
C:\Program Files (x86)\MSBuild\Microsoft.Cpp\v4.0\V120\Microsoft.CppBuild.targets(935,5): warning MSB8027: Two or more files with the name of moc_toolbarclass.cpp will produce outputs to the same location. This can lead to an incorrect build result.  The files involved are GeneratedFiles\Debug\moc_toolbarclass.cpp, GeneratedFiles\Release\moc_toolbarclass.cpp.
C:\Program Files (x86)\MSBuild\Microsoft.Cpp\v4.0\V120\Microsoft.CppBuild.targets(935,5): warning MSB8027: Two or more files with the name of moc_TreeItemMimeData.cpp will produce outputs to the same location. This can lead to an incorrect build result.  The files involved are GeneratedFiles\Debug\moc_TreeItemMimeData.cpp, GeneratedFiles\Release\moc_TreeItemMimeData.cpp.
C:\Program Files (x86)\MSBuild\Microsoft.Cpp\v4.0\V120\Microsoft.CppBuild.targets(935,5): warning MSB8027: Two or more files with the name of moc_treeWidget.cpp will produce outputs to the same location. This can lead to an incorrect build result.  The files involved are GeneratedFiles\Debug\moc_treeWidget.cpp, GeneratedFiles\Release\moc_treeWidget.cpp.
C:\Program Files (x86)\MSBuild\Microsoft.Cpp\v4.0\V120\Microsoft.CppBuild.targets(935,5): warning MSB8027: Two or more files with the name of moc_UIInputManager.cpp will produce outputs to the same location. This can lead to an incorrect build result.  The files involved are GeneratedFiles\Debug\moc_UIInputManager.cpp, GeneratedFiles\Release\moc_UIInputManager.cpp.
C:\Program Files (x86)\MSBuild\Microsoft.Cpp\v4.0\V120\Microsoft.CppBuild.targets(935,5): warning MSB8027: Two or more files with the name of moc_WriterManager.cpp will produce outputs to the same location. This can lead to an incorrect build result.  The files involved are GeneratedFiles\Debug\moc_WriterManager.cpp, GeneratedFiles\Release\moc_WriterManager.cpp.
C:\Program Files (x86)\MSBuild\Microsoft.Cpp\v4.0\V120\Microsoft.CppBuild.targets(935,5): warning MSB8027: Two or more files with the name of CreateTableDlg.cpp will produce outputs to the same location. This can lead to an incorrect build result.  The files involved are propertySettingDlgs\CreateTableDlg.cpp, views\propertySettingDlgs\CreateTableDlg.cpp.
  MainViewContainer.cpp
  toolbarclass.cpp
  DataBaseControl.cpp
  moc_toolbarclass.cpp
  moc_emrversion.cpp
  moc_MainViewContainer.cpp
  WriterManager.cpp
  正在生成代码...
  正在编译...
  RightClickMenu.cpp
  emrversion.cpp
  addmubandlg.cpp
  main.cpp
  inspection.cpp
  TabWidgetCollection.cpp
  moc_TabWidgetCollection.cpp
  HtmlDocument.cpp
  SetParagraphOtherParamAction.cpp
  OperateMgr.cpp
  MyAppEntrance.cpp
  SystemParams.cpp
  正在生成代码...
Release\moc_PictureEditWindow.obj : warning LNK4042: 对象被多次指定；已忽略多余的指定
Release\CreateTableDlg.obj : warning LNK4042: 对象被多次指定；已忽略多余的指定
     正在创建库 E:\1.dev\emr\Win32\Release\EmrClient.lib 和对象 E:\1.dev\emr\Win32\Release\EmrClient.exp
  EmrClient.vcxproj -> E:\1.dev\emr\Win32\Release\EmrClient.exe
